<?xml version="1.0" encoding="UTF-8" ?>
<testsuite tests="36" failures="0" name="com.testrunner.TestRunner" time="1.289" errors="0" skipped="0">
  <properties>
    <property name="java.runtime.name" value="Java(TM) SE Runtime Environment"/>
    <property name="sun.boot.library.path" value="C:\Program Files\Java\jre1.8.0_202\bin"/>
    <property name="java.vm.version" value="25.202-b08"/>
    <property name="java.vm.vendor" value="Oracle Corporation"/>
    <property name="maven.multiModuleProjectDirectory" value="C:\New WorkSpace\CucumberDemo"/>
    <property name="java.vendor.url" value="http://java.oracle.com/"/>
    <property name="path.separator" value=";"/>
    <property name="guice.disable.misplaced.annotation.check" value="true"/>
    <property name="java.vm.name" value="Java HotSpot(TM) 64-Bit Server VM"/>
    <property name="file.encoding.pkg" value="sun.io"/>
    <property name="user.script" value=""/>
    <property name="user.country" value="US"/>
    <property name="sun.java.launcher" value="SUN_STANDARD"/>
    <property name="sun.os.patch.level" value=""/>
    <property name="java.vm.specification.name" value="Java Virtual Machine Specification"/>
    <property name="user.dir" value="C:\New WorkSpace\CucumberDemo"/>
    <property name="java.runtime.version" value="1.8.0_202-b08"/>
    <property name="java.awt.graphicsenv" value="sun.awt.Win32GraphicsEnvironment"/>
    <property name="java.endorsed.dirs" value="C:\Program Files\Java\jre1.8.0_202\lib\endorsed"/>
    <property name="os.arch" value="amd64"/>
    <property name="java.io.tmpdir" value="C:\Users\CHINU\AppData\Local\Temp\"/>
    <property name="line.separator" value="
"/>
    <property name="java.vm.specification.vendor" value="Oracle Corporation"/>
    <property name="user.variant" value=""/>
    <property name="os.name" value="Windows 10"/>
    <property name="classworlds.conf" value="C:\New WorkSpace\.metadata\.plugins\org.eclipse.m2e.launching\launches\m2conf2326664160824313042.tmp"/>
    <property name="sun.jnu.encoding" value="Cp1252"/>
    <property name="java.library.path" value="C:\Program Files\Java\jre1.8.0_202\bin;C:\WINDOWS\Sun\Java\bin;C:\WINDOWS\system32;C:\WINDOWS;C:/Program Files/Java/jre1.8.0_202/bin/server;C:/Program Files/Java/jre1.8.0_202/bin;C:/Program Files/Java/jre1.8.0_202/lib/amd64;C:\ProgramData\Oracle\Java\javapath;C:\WINDOWS\system32;C:\WINDOWS;C:\WINDOWS\System32\Wbem;C:\WINDOWS\System32\WindowsPowerShell\v1.0\;C:\WINDOWS\System32\OpenSSH\;C:\Program Files\Intel\WiFi\bin\;C:\Program Files\Common Files\Intel\WirelessCommon\;C:\Program Files (x86)\MySQL\MySQL Server 5.5\bin;C:\ejagruti-automation\maven\bin;C:\Program Files\Java\jdk1.8.0_202\bin;C:\Program Files\Java\jre1.8.0_202\bin;C:\Program Files\nodejs\;C:\Program Files\PuTTY\;C:\Program Files\Git\cmd;C:\Program Files\Git\mingw64\bin;C:\Program Files\Git\usr\bin;C:\Users\CHINU\AppData\Local\Microsoft\WindowsApps;C:\Program Files\Intel\WiFi\bin\;C:\Program Files\Common Files\Intel\WirelessCommon\;C:\Users\CHINU\AppData\Local\Programs\Microsoft VS Code\bin;C:\Users\CHINU\AppData\Roaming\npm;C:\Program Files\nodejs;;D:\Software Testing\eclipse;;."/>
    <property name="java.specification.name" value="Java Platform API Specification"/>
    <property name="java.class.version" value="52.0"/>
    <property name="sun.management.compiler" value="HotSpot 64-Bit Tiered Compilers"/>
    <property name="os.version" value="10.0"/>
    <property name="user.home" value="C:\Users\CHINU"/>
    <property name="user.timezone" value="Asia/Calcutta"/>
    <property name="java.awt.printerjob" value="sun.awt.windows.WPrinterJob"/>
    <property name="java.specification.version" value="1.8"/>
    <property name="file.encoding" value="Cp1252"/>
    <property name="user.name" value="CHINU"/>
    <property name="java.class.path" value="D:\Software Testing\eclipse\plugins\org.eclipse.m2e.maven.runtime_1.12.0.20190529-1915\jars\plexus-classworlds-2.6.0.jar"/>
    <property name="java.vm.specification.version" value="1.8"/>
    <property name="sun.arch.data.model" value="64"/>
    <property name="java.home" value="C:\Program Files\Java\jre1.8.0_202"/>
    <property name="sun.java.command" value="org.codehaus.plexus.classworlds.launcher.Launcher -B test"/>
    <property name="java.specification.vendor" value="Oracle Corporation"/>
    <property name="user.language" value="en"/>
    <property name="awt.toolkit" value="sun.awt.windows.WToolkit"/>
    <property name="java.vm.info" value="mixed mode"/>
    <property name="java.version" value="1.8.0_202"/>
    <property name="java.ext.dirs" value="C:\Program Files\Java\jre1.8.0_202\lib\ext;C:\WINDOWS\Sun\Java\lib\ext"/>
    <property name="sun.boot.class.path" value="C:\Program Files\Java\jre1.8.0_202\lib\resources.jar;C:\Program Files\Java\jre1.8.0_202\lib\rt.jar;C:\Program Files\Java\jre1.8.0_202\lib\sunrsasign.jar;C:\Program Files\Java\jre1.8.0_202\lib\jsse.jar;C:\Program Files\Java\jre1.8.0_202\lib\jce.jar;C:\Program Files\Java\jre1.8.0_202\lib\charsets.jar;C:\Program Files\Java\jre1.8.0_202\lib\jfr.jar;C:\Program Files\Java\jre1.8.0_202\classes"/>
    <property name="java.vendor" value="Oracle Corporation"/>
    <property name="maven.home" value="C:\New WorkSpace\CucumberDemo\EMBEDDED"/>
    <property name="file.separator" value="\"/>
    <property name="java.vendor.url.bug" value="http://bugreport.sun.com/bugreport/"/>
    <property name="sun.cpu.endian" value="little"/>
    <property name="sun.io.unicode.encoding" value="UnicodeLittle"/>
    <property name="sun.desktop" value="windows"/>
    <property name="sun.cpu.isalist" value="amd64"/>
  </properties>
  <testcase classname="Scenario: Verify login functionality by passing valid credentials" name="When user open &quot;Chrome&quot; browser" time="0.005"/>
  <testcase classname="Scenario: Verify login functionality by passing valid credentials" name="When user enters url &quot;http://www.gcrit.com/build3/admin/login&quot;" time="0"/>
  <testcase classname="Scenario: Verify login functionality by passing valid credentials" name="Then user will be on Applications login page" time="0"/>
  <testcase classname="Scenario: Verify login functionality by passing valid credentials" name="When user enters username as &quot;admin&quot;" time="0"/>
  <testcase classname="Scenario: Verify login functionality by passing valid credentials" name="When user enters password as &quot;admin@123&quot;" time="0"/>
  <testcase classname="Scenario: Verify login functionality by passing valid credentials" name="When user clicks on submit button" time="0"/>
  <testcase classname="Scenario: Verify login functionality by passing valid credentials" name="Then user will be on application&apos;s home page" time="0"/>
  <testcase classname="Scenario: Verify login functionality by passing valid credentials" name="Then close the browser" time="0"/>
  <testcase classname="Scenario: Verify login functionality by passing valid credentials" name="Scenario: Verify login functionality by passing valid credentials" time="0.674"/>
  <testcase classname="| Admin | Admin@123 |" name="When user open &quot;Chrome&quot; browser" time="0"/>
  <testcase classname="| Admin | Admin@123 |" name="When user enters url &quot;http://www.gcrit.com/build3/admin/login&quot;" time="0"/>
  <testcase classname="| Admin | Admin@123 |" name="Then user will be on Applications login page" time="0"/>
  <testcase classname="| Admin | Admin@123 |" name="When user enters username as &quot;Admin&quot;" time="0"/>
  <testcase classname="| Admin | Admin@123 |" name="When user enters password as &quot;Admin@123&quot;" time="0"/>
  <testcase classname="| Admin | Admin@123 |" name="When user clicks on submit button" time="0"/>
  <testcase classname="| Admin | Admin@123 |" name="Then user will be on application&apos;s Login Page With error message &quot; Error: Invalid administrator login attempt.&quot;" time="0"/>
  <testcase classname="| Admin | Admin@123 |" name="Then close the browser" time="0"/>
  <testcase classname="| Admin | Admin@123 |" name="| Admin | Admin@123 |" time="0.183"/>
  <testcase classname="| admin | Admin@123 |" name="When user open &quot;Chrome&quot; browser" time="0"/>
  <testcase classname="| admin | Admin@123 |" name="When user enters url &quot;http://www.gcrit.com/build3/admin/login&quot;" time="0"/>
  <testcase classname="| admin | Admin@123 |" name="Then user will be on Applications login page" time="0"/>
  <testcase classname="| admin | Admin@123 |" name="When user enters username as &quot;admin&quot;" time="0"/>
  <testcase classname="| admin | Admin@123 |" name="When user enters password as &quot;Admin@123&quot;" time="0"/>
  <testcase classname="| admin | Admin@123 |" name="When user clicks on submit button" time="0"/>
  <testcase classname="| admin | Admin@123 |" name="Then user will be on application&apos;s Login Page With error message &quot; Error: Invalid administrator login attempt.&quot;" time="0"/>
  <testcase classname="| admin | Admin@123 |" name="Then close the browser" time="0"/>
  <testcase classname="| admin | Admin@123 |" name="| admin | Admin@123 |" time="0.223"/>
  <testcase classname="| Admin | admin@123 |" name="When user open &quot;Chrome&quot; browser" time="0.001"/>
  <testcase classname="| Admin | admin@123 |" name="When user enters url &quot;http://www.gcrit.com/build3/admin/login&quot;" time="0"/>
  <testcase classname="| Admin | admin@123 |" name="Then user will be on Applications login page" time="0"/>
  <testcase classname="| Admin | admin@123 |" name="When user enters username as &quot;Admin&quot;" time="0"/>
  <testcase classname="| Admin | admin@123 |" name="When user enters password as &quot;admin@123&quot;" time="0"/>
  <testcase classname="| Admin | admin@123 |" name="When user clicks on submit button" time="0"/>
  <testcase classname="| Admin | admin@123 |" name="Then user will be on application&apos;s Login Page With error message &quot; Error: Invalid administrator login attempt.&quot;" time="0"/>
  <testcase classname="| Admin | admin@123 |" name="Then close the browser" time="0"/>
  <testcase classname="| Admin | admin@123 |" name="| Admin | admin@123 |" time="0.203"/>
</testsuite>